{
  "0 debug pnpm:scope": {
    "selected": 1
  },
  "1 error pnpm": {
    "errno": 1,
    "code": "ELIFECYCLE",
    "pkgid": "blog@1.0.0",
    "stage": "image",
    "script": "node ./script/image_handler \"md/weekly/img\"",
    "pkgname": "blog",
    "err": {
      "name": "pnpm",
      "message": "blog@1.0.0 image: `node ./script/image_handler \"md/weekly/img\"`\nExit status 1",
      "code": "ELIFECYCLE",
      "stack": "pnpm: blog@1.0.0 image: `node ./script/image_handler \"md/weekly/img\"`\nExit status 1\n    at EventEmitter.<anonymous> (/Users/sunwenlong/pnpm-global/5/node_modules/.pnpm/pnpm@7.1.9/node_modules/pnpm/dist/pnpm.cjs:106976:20)\n    at EventEmitter.emit (node:events:526:28)\n    at ChildProcess.<anonymous> (/Users/sunwenlong/pnpm-global/5/node_modules/.pnpm/pnpm@7.1.9/node_modules/pnpm/dist/pnpm.cjs:93542:18)\n    at ChildProcess.emit (node:events:526:28)\n    at maybeClose (node:internal/child_process:1092:16)\n    at Process.ChildProcess._handle.onexit (node:internal/child_process:302:5)"
    }
  },
  "2 warn pnpm:global": " Local package.json exists, but node_modules missing, did you mean to install?"
}